<?xml version="1.0" encoding="utf-8"?><testsuites name="pytest tests"><testsuite name="pytest" errors="0" failures="0" skipped="0" tests="13" time="7.239" timestamp="2026-06-28T08:29:36.084004+00:00" hostname="agent-env-13613e7e-bd79-4ac5-8ae1-e062e8df1e84"><testcase classname="tests.backend_test.TestGoogleOAuth" name="test_google_session_missing_header" time="0.379" /><testcase classname="tests.backend_test.TestAuth" name="test_register_new_user" time="1.013" /><testcase classname="tests.backend_test.TestGoogleOAuth" name="test_google_session_invalid_session_id" time="1.090" /><testcase classname="tests.backend_test.TestAuth" name="test_register_duplicate_email" time="0.050" /><testcase classname="tests.backend_test.TestAuth" name="test_login_admin" time="0.403" /><testcase classname="tests.backend_test.TestAuth" name="test_login_invalid" time="0.055" /><testcase classname="tests.backend_test.TestGoogleOAuth" name="test_logout_endpoint_exists" time="0.494" /><testcase classname="tests.backend_test.TestAuth" name="test_me_endpoint" time="0.554" /><testcase classname="tests.backend_test.TestGoogleOAuth" name="test_cookie_based_auth_for_me" time="0.861" /><testcase classname="tests.backend_test.TestAuth" name="test_me_no_token" time="0.046" /><testcase classname="tests.backend_test.TestAuth" name="test_me_returns_picture_and_provider_fields" time="0.313" /><testcase classname="tests.backend_test.TestGoogleOAuth" name="test_auth_gated_endpoint_works_with_cookie" time="0.592" /><testcase classname="tests.backend_test.TestGoogleOAuth" name="test_jwt_bearer_still_works" time="1.201" /></testsuite></testsuites>