<?xml version="1.0" encoding="utf-8"?><testsuites name="pytest tests"><testsuite name="pytest" errors="0" failures="1" skipped="0" tests="32" time="5.245" timestamp="2026-06-28T07:04:40.419337+00:00" hostname="agent-env-13613e7e-bd79-4ac5-8ae1-e062e8df1e84"><testcase classname="tests.backend_test.TestAuth" name="test_register_new_user" time="0.524" /><testcase classname="tests.backend_test.TestAuth" name="test_register_duplicate_email" time="0.047" /><testcase classname="tests.backend_test.TestAuth" name="test_login_admin" time="0.394" /><testcase classname="tests.backend_test.TestAuth" name="test_login_invalid" time="0.046" /><testcase classname="tests.backend_test.TestAuth" name="test_me_endpoint" time="0.450" /><testcase classname="tests.backend_test.TestAuth" name="test_me_no_token" time="0.054" /><testcase classname="tests.backend_test.TestProducts" name="test_list_products" time="0.055" /><testcase classname="tests.backend_test.TestProducts" name="test_filter_featured" time="0.052" /><testcase classname="tests.backend_test.TestProducts" name="test_filter_new" time="0.053" /><testcase classname="tests.backend_test.TestProducts" name="test_filter_best_seller" time="0.051" /><testcase classname="tests.backend_test.TestProducts" name="test_filter_category" time="0.051" /><testcase classname="tests.backend_test.TestProducts" name="test_search" time="0.054" /><testcase classname="tests.backend_test.TestProducts" name="test_get_single_product" time="0.110" /><testcase classname="tests.backend_test.TestProducts" name="test_get_product_404" time="0.050" /><testcase classname="tests.backend_test.TestProducts" name="test_categories" time="0.054" /><testcase classname="tests.backend_test.TestCart" name="test_cart_flow" time="0.433"><failure message="requests.exceptions.JSONDecodeError: Expecting value: line 1 column 1 (char 0)">/root/.venv/lib/python3.11/site-packages/requests/models.py:1116: in json
    return complexjson.loads(self.text, **kwargs)
           ^^^^^^^^^^^^^^^^^^^^^^^^^^^^^^^^^^^^^^
/usr/local/lib/python3.11/json/__init__.py:346: in loads
    return _default_decoder.decode(s)
           ^^^^^^^^^^^^^^^^^^^^^^^^^^
/usr/local/lib/python3.11/json/decoder.py:337: in decode
    obj, end = self.raw_decode(s, idx=_w(s, 0).end())
               ^^^^^^^^^^^^^^^^^^^^^^^^^^^^^^^^^^^^^^
/usr/local/lib/python3.11/json/decoder.py:355: in raw_decode
    raise JSONDecodeError("Expecting value", s, err.value) from None
E   json.decoder.JSONDecodeError: Expecting value: line 1 column 1 (char 0)

During handling of the above exception, another exception occurred:
backend/tests/backend_test.py:148: in test_cart_flow
    items = s.get(f"{API}/cart", headers=h(user_token)).json()["items"]
            ^^^^^^^^^^^^^^^^^^^^^^^^^^^^^^^^^^^^^^^^^^^^^^^^^^
/root/.venv/lib/python3.11/site-packages/requests/models.py:1120: in json
    raise RequestsJSONDecodeError(e.msg, e.doc, e.pos)
E   requests.exceptions.JSONDecodeError: Expecting value: line 1 column 1 (char 0)</failure></testcase><testcase classname="tests.backend_test.TestCart" name="test_cart_requires_auth" time="0.055" /><testcase classname="tests.backend_test.TestCart" name="test_add_invalid_product" time="0.061" /><testcase classname="tests.backend_test.TestWishlist" name="test_wishlist_flow" time="0.302" /><testcase classname="tests.backend_test.TestCoupon" name="test_valid_coupon" time="0.056" /><testcase classname="tests.backend_test.TestCoupon" name="test_coupon_below_min" time="0.054" /><testcase classname="tests.backend_test.TestCoupon" name="test_invalid_coupon" time="0.052" /><testcase classname="tests.backend_test.TestOrders" name="test_create_order_and_cart_cleared" time="0.432" /><testcase classname="tests.backend_test.TestOrders" name="test_create_order_empty_cart" time="0.117" /><testcase classname="tests.backend_test.TestChat" name="test_send_and_get_messages" time="0.119" /><testcase classname="tests.backend_test.TestReviews" name="test_create_review_recalcs_rating" time="0.185" /><testcase classname="tests.backend_test.TestAdmin" name="test_admin_stats" time="0.076" /><testcase classname="tests.backend_test.TestAdmin" name="test_admin_orders" time="0.057" /><testcase classname="tests.backend_test.TestAdmin" name="test_admin_customers" time="0.058" /><testcase classname="tests.backend_test.TestAdmin" name="test_non_admin_forbidden" time="0.051" /><testcase classname="tests.backend_test.TestAdmin" name="test_admin_create_and_delete_product" time="0.164" /><testcase classname="tests.backend_test.TestAdmin" name="test_admin_update_order_status" time="0.364" /></testsuite></testsuites>